Using pre-set license

 COMMAND LINE ARGUMENTS:
/Applications/Unity/2020.3.1f1/Unity.app/Contents/MacOS/Unity
-adb2
-batchMode
-noUpm
-name
AssetImportWorker0
-projectPath
/Users/JonathanGilmer/Desktop/Coding-Stuff/Crash Course Materials/Crash_Course_UI_2
-logFile
Logs/AssetImportWorker0.log
-srvPort
60860
Successfully changed project path to: /Users/JonathanGilmer/Desktop/Coding-Stuff/Crash Course Materials/Crash_Course_UI_2
/Users/JonathanGilmer/Desktop/Coding-Stuff/Crash Course Materials/Crash_Course_UI_2
Using Asset Import Pipeline V2.
Refreshing native plugins compatible for Editor in 24.81 ms, found 1 plugins.
Preloading 0 native plugins for Editor in 0.00 ms.
Initialize engine version: 2020.3.1f1 (77a89f25062f)
[Subsystems] Discovering subsystems at path /Applications/Unity/2020.3.1f1/Unity.app/Contents/Resources/UnitySubsystems
[Subsystems] Discovering subsystems at path /Users/JonathanGilmer/Desktop/Coding-Stuff/Crash Course Materials/Crash_Course_UI_2/Assets
GfxDevice: creating device client; threaded=0
2021-12-08 08:56:04.067 Unity[16337:2708905] iMac preferred device: AMD Radeon R9 M395 (high power)
2021-12-08 08:56:04.067 Unity[16337:2708905] Metal devices available: 1
2021-12-08 08:56:04.067 Unity[16337:2708905] 0: AMD Radeon R9 M395 (high power)
2021-12-08 08:56:04.068 Unity[16337:2708905] Using device AMD Radeon R9 M395 (high power)
Initializing Metal device caps: AMD Radeon R9 M395
Initialize mono
Mono path[0] = '/Applications/Unity/2020.3.1f1/Unity.app/Contents/Managed'
Mono path[1] = '/Applications/Unity/2020.3.1f1/Unity.app/Contents/MonoBleedingEdge/lib/mono/unityjit'
Mono config path = '/Applications/Unity/2020.3.1f1/Unity.app/Contents/MonoBleedingEdge/etc'
Using monoOptions --debugger-agent=transport=dt_socket,embedding=1,server=y,suspend=n,address=127.0.0.1:56337
Begin MonoManager ReloadAssembly
Registering precompiled unity dll's ...
Register platform support module: /Applications/Unity/2020.3.1f1/Unity.app/Contents/PlaybackEngines/MacStandaloneSupport/UnityEditor.OSXStandalone.Extensions.dll
Register platform support module: /Applications/Unity/2020.3.1f1/PlaybackEngines/WindowsStandaloneSupport/UnityEditor.WindowsStandalone.Extensions.dll
Register platform support module: /Applications/Unity/2020.3.1f1/PlaybackEngines/LinuxStandaloneSupport/UnityEditor.LinuxStandalone.Extensions.dll
Registered in 0.000639 seconds.
Native extension for LinuxStandalone target not found
Native extension for WindowsStandalone target not found
Native extension for OSXStandalone target not found
Refreshing native plugins compatible for Editor in 32.34 ms, found 1 plugins.
Preloading 0 native plugins for Editor in 0.00 ms.
Invoked RoslynAnalysisRunner static constructor.
RoslynAnalysisRunner will not be running.
RoslynAnalysisRunner has terminated.
Mono: successfully reloaded assembly
- Completed reload, in  3.313 seconds
Platform modules already initialized, skipping
Registering precompiled user dll's ...
Registered in 0.000398 seconds.
Begin MonoManager ReloadAssembly
Native extension for LinuxStandalone target not found
Native extension for WindowsStandalone target not found
Native extension for OSXStandalone target not found
Refreshing native plugins compatible for Editor in 0.26 ms, found 1 plugins.
Preloading 0 native plugins for Editor in 0.00 ms.
Invoked RoslynAnalysisRunner static constructor.
RoslynAnalysisRunner will not be running.
RoslynAnalysisRunner has terminated.
Mono: successfully reloaded assembly
- Completed reload, in  1.168 seconds
Platform modules already initialized, skipping
========================================================================
Worker process is ready to serve import requests
Launching external process: /Applications/Unity/2020.3.1f1/Unity.app/Contents/Tools/UnityShaderCompiler
Launched and connected shader compiler UnityShaderCompiler after 0.04 seconds
Refreshing native plugins compatible for Editor in 0.29 ms, found 1 plugins.
Preloading 0 native plugins for Editor in 0.00 ms.
Unloading 1160 Unused Serialized files (Serialized files now loaded: 0)
System memory in use before: 116.5 MB.
System memory in use after: 116.5 MB.

Unloading 10 unused Assets to reduce memory usage. Loaded Objects now: 1603.
Total: 3.042880 ms (FindLiveObjects: 0.361857 ms CreateObjectMapping: 0.184794 ms MarkObjects: 2.390620 ms  DeleteObjects: 0.103505 ms)

========================================================================
Received Import Request.
  path: Assets/TextMesh Pro/Resources/Fonts & Materials/LiberationSans SDF - Outline.mat
  artifactKey: Guid(79459efec17a4d00a321bdcc27bbc385) Importer(815301076,1909f56bfc062723c751e8b465ee728b)
Start importing Assets/TextMesh Pro/Resources/Fonts & Materials/LiberationSans SDF - Outline.mat using Guid(79459efec17a4d00a321bdcc27bbc385) Importer(815301076,1909f56bfc062723c751e8b465ee728b)  -> (artifact id: '410e247ae7c6c841bb98061b2d3410ec') in 0.691234 seconds
  Import took 0.694485 seconds .

========================================================================
Received Import Request.
  Time since last request: 0.000304 seconds.
  path: Assets/TextMesh Pro/Resources/Fonts & Materials/LiberationSans SDF - Fallback.asset
  artifactKey: Guid(2e498d1c8094910479dc3e1b768306a4) Importer(815301076,1909f56bfc062723c751e8b465ee728b)
Start importing Assets/TextMesh Pro/Resources/Fonts & Materials/LiberationSans SDF - Fallback.asset using Guid(2e498d1c8094910479dc3e1b768306a4) Importer(815301076,1909f56bfc062723c751e8b465ee728b)  -> (artifact id: '0f5d4783a4e2ee376916fe74944cc6ec') in 0.359741 seconds
  Import took 0.362069 seconds .

========================================================================
Received Import Request.
  Time since last request: 0.000194 seconds.
  path: Assets/TextMesh Pro/Resources/Fonts & Materials/LiberationSans SDF - Drop Shadow.mat
  artifactKey: Guid(e73a58f6e2794ae7b1b7e50b7fb811b0) Importer(815301076,1909f56bfc062723c751e8b465ee728b)
Start importing Assets/TextMesh Pro/Resources/Fonts & Materials/LiberationSans SDF - Drop Shadow.mat using Guid(e73a58f6e2794ae7b1b7e50b7fb811b0) Importer(815301076,1909f56bfc062723c751e8b465ee728b)  -> (artifact id: '583c04e90ab816d3a21d35554660159e') in 0.172293 seconds
  Import took 0.174229 seconds .

========================================================================
Received Import Request.
  Time since last request: 0.000308 seconds.
  path: Assets/TextMesh Pro/Resources/Fonts & Materials/LiberationSans SDF.asset
  artifactKey: Guid(8f586378b4e144a9851e7b34d9b748ee) Importer(815301076,1909f56bfc062723c751e8b465ee728b)
Start importing Assets/TextMesh Pro/Resources/Fonts & Materials/LiberationSans SDF.asset using Guid(8f586378b4e144a9851e7b34d9b748ee) Importer(815301076,1909f56bfc062723c751e8b465ee728b)  -> (artifact id: '2f5836c2c76a165d4711b8257a7a24ff') in 0.033049 seconds
  Import took 0.035532 seconds .

========================================================================
Received Prepare
Registering precompiled user dll's ...
Registered in 0.000422 seconds.
Begin MonoManager ReloadAssembly
Native extension for LinuxStandalone target not found
Native extension for WindowsStandalone target not found
Native extension for OSXStandalone target not found
Refreshing native plugins compatible for Editor in 0.30 ms, found 1 plugins.
Preloading 0 native plugins for Editor in 0.00 ms.
Invoked RoslynAnalysisRunner static constructor.
RoslynAnalysisRunner will not be running.
RoslynAnalysisRunner has terminated.
Mono: successfully reloaded assembly
- Completed reload, in  1.001 seconds
Platform modules already initialized, skipping
Refreshing native plugins compatible for Editor in 0.21 ms, found 1 plugins.
Preloading 0 native plugins for Editor in 0.00 ms.
Unloading 1142 Unused Serialized files (Serialized files now loaded: 0)
System memory in use before: 128.0 MB.
System memory in use after: 128.1 MB.

Unloading 5 unused Assets to reduce memory usage. Loaded Objects now: 1650.
Total: 2.566162 ms (FindLiveObjects: 0.270486 ms CreateObjectMapping: 0.050805 ms MarkObjects: 2.087422 ms  DeleteObjects: 0.155572 ms)

========================================================================
Received Prepare
Registering precompiled user dll's ...
Registered in 0.000572 seconds.
Begin MonoManager ReloadAssembly
Native extension for LinuxStandalone target not found
Native extension for WindowsStandalone target not found
Native extension for OSXStandalone target not found
Refreshing native plugins compatible for Editor in 0.22 ms, found 1 plugins.
Preloading 0 native plugins for Editor in 0.00 ms.
Invoked RoslynAnalysisRunner static constructor.
RoslynAnalysisRunner will not be running.
RoslynAnalysisRunner has terminated.
Mono: successfully reloaded assembly
- Completed reload, in  0.969 seconds
Platform modules already initialized, skipping
Refreshing native plugins compatible for Editor in 0.21 ms, found 1 plugins.
Preloading 0 native plugins for Editor in 0.00 ms.
Unloading 1143 Unused Serialized files (Serialized files now loaded: 0)
System memory in use before: 128.2 MB.
System memory in use after: 128.3 MB.

Unloading 5 unused Assets to reduce memory usage. Loaded Objects now: 1654.
Total: 1.497739 ms (FindLiveObjects: 0.162359 ms CreateObjectMapping: 0.036884 ms MarkObjects: 1.248419 ms  DeleteObjects: 0.049189 ms)

========================================================================
Received Import Request.
  Time since last request: 93.593123 seconds.
  path: Assets/NewBehaviourScript.cs
  artifactKey: Guid(70e12f8ba5a73496e88f81052421abb3) Importer(815301076,1909f56bfc062723c751e8b465ee728b)
Start importing Assets/NewBehaviourScript.cs using Guid(70e12f8ba5a73496e88f81052421abb3) Importer(815301076,1909f56bfc062723c751e8b465ee728b)  -> (artifact id: '29dc74dbde6b7f492bc58d6da2944b30') in 0.282991 seconds
  Import took 0.284987 seconds .

========================================================================
Received Import Request.
  Time since last request: 46.707685 seconds.
  path: Assets/HealthDisplayEx.cs
  artifactKey: Guid(70e12f8ba5a73496e88f81052421abb3) Importer(815301076,1909f56bfc062723c751e8b465ee728b)
Start importing Assets/HealthDisplayEx.cs using Guid(70e12f8ba5a73496e88f81052421abb3) Importer(815301076,1909f56bfc062723c751e8b465ee728b)  -> (artifact id: '3b0d16b8525f9ad2d42a7f9aea8291b0') in 0.001737 seconds
  Import took 0.004183 seconds .

========================================================================
Received Prepare
Registering precompiled user dll's ...
Registered in 0.000718 seconds.
Begin MonoManager ReloadAssembly
Native extension for LinuxStandalone target not found
Native extension for WindowsStandalone target not found
Native extension for OSXStandalone target not found
Refreshing native plugins compatible for Editor in 0.21 ms, found 1 plugins.
Preloading 0 native plugins for Editor in 0.00 ms.
Invoked RoslynAnalysisRunner static constructor.
RoslynAnalysisRunner will not be running.
RoslynAnalysisRunner has terminated.
Mono: successfully reloaded assembly
- Completed reload, in  0.937 seconds
Platform modules already initialized, skipping
Refreshing native plugins compatible for Editor in 0.21 ms, found 1 plugins.
Preloading 0 native plugins for Editor in 0.00 ms.
Unloading 1143 Unused Serialized files (Serialized files now loaded: 0)
System memory in use before: 129.5 MB.
System memory in use after: 129.6 MB.

Unloading 5 unused Assets to reduce memory usage. Loaded Objects now: 1657.
Total: 1.523418 ms (FindLiveObjects: 0.200631 ms CreateObjectMapping: 0.035792 ms MarkObjects: 1.242841 ms  DeleteObjects: 0.043207 ms)

========================================================================
Received Prepare
Registering precompiled user dll's ...
Registered in 0.000339 seconds.
Begin MonoManager ReloadAssembly
Native extension for LinuxStandalone target not found
Native extension for WindowsStandalone target not found
Native extension for OSXStandalone target not found
Refreshing native plugins compatible for Editor in 0.22 ms, found 1 plugins.
Preloading 0 native plugins for Editor in 0.00 ms.
Invoked RoslynAnalysisRunner static constructor.
RoslynAnalysisRunner will not be running.
RoslynAnalysisRunner has terminated.
Mono: successfully reloaded assembly
- Completed reload, in  1.021 seconds
Platform modules already initialized, skipping
Refreshing native plugins compatible for Editor in 0.33 ms, found 1 plugins.
Preloading 0 native plugins for Editor in 0.00 ms.
Unloading 1142 Unused Serialized files (Serialized files now loaded: 0)
System memory in use before: 129.7 MB.
System memory in use after: 129.8 MB.

Unloading 6 unused Assets to reduce memory usage. Loaded Objects now: 1659.
Total: 1.476968 ms (FindLiveObjects: 0.175190 ms CreateObjectMapping: 0.034648 ms MarkObjects: 1.218935 ms  DeleteObjects: 0.047208 ms)

========================================================================
Received Import Request.
  Time since last request: 61.057920 seconds.
  path: Assets/NewBehaviourScript.cs
  artifactKey: Guid(8fed0d5447cb04d41b4edf84cde4f652) Importer(815301076,1909f56bfc062723c751e8b465ee728b)
Start importing Assets/NewBehaviourScript.cs using Guid(8fed0d5447cb04d41b4edf84cde4f652) Importer(815301076,1909f56bfc062723c751e8b465ee728b)  -> (artifact id: '16a84179c610e315d496ca258ceb5022') in 0.004585 seconds
  Import took 0.006801 seconds .

========================================================================
Received Import Request.
  Time since last request: 0.001808 seconds.
  path: Assets/NewBehaviourScript.cs
  artifactKey: Guid(8fed0d5447cb04d41b4edf84cde4f652) Importer(815301076,1909f56bfc062723c751e8b465ee728b)
Start importing Assets/NewBehaviourScript.cs using Guid(8fed0d5447cb04d41b4edf84cde4f652) Importer(815301076,1909f56bfc062723c751e8b465ee728b)  -> (artifact id: '16a84179c610e315d496ca258ceb5022') in 0.001154 seconds
  Import took 0.003703 seconds .

========================================================================
Received Prepare
Registering precompiled user dll's ...
Registered in 0.000514 seconds.
Begin MonoManager ReloadAssembly
Native extension for LinuxStandalone target not found
Native extension for WindowsStandalone target not found
Native extension for OSXStandalone target not found
Refreshing native plugins compatible for Editor in 0.21 ms, found 1 plugins.
Preloading 0 native plugins for Editor in 0.00 ms.
Invoked RoslynAnalysisRunner static constructor.
RoslynAnalysisRunner will not be running.
RoslynAnalysisRunner has terminated.
Mono: successfully reloaded assembly
- Completed reload, in  0.911 seconds
Platform modules already initialized, skipping
Refreshing native plugins compatible for Editor in 0.24 ms, found 1 plugins.
Preloading 0 native plugins for Editor in 0.00 ms.
Unloading 1143 Unused Serialized files (Serialized files now loaded: 0)
System memory in use before: 129.9 MB.
System memory in use after: 130.0 MB.

Unloading 5 unused Assets to reduce memory usage. Loaded Objects now: 1663.
Total: 1.674310 ms (FindLiveObjects: 0.231033 ms CreateObjectMapping: 0.033063 ms MarkObjects: 1.364239 ms  DeleteObjects: 0.045070 ms)

========================================================================
Received Import Request.
  Time since last request: 523.716823 seconds.
  path: Assets/HealthDisplayExample.cs
  artifactKey: Guid(cd074aa7596114c68a7c6cdae70fc7d4) Importer(815301076,1909f56bfc062723c751e8b465ee728b)
Start importing Assets/HealthDisplayExample.cs using Guid(cd074aa7596114c68a7c6cdae70fc7d4) Importer(815301076,1909f56bfc062723c751e8b465ee728b)  -> (artifact id: '45559082755de9dd4696c87b84799f6b') in 0.004425 seconds
  Import took 0.006573 seconds .

========================================================================
Received Import Request.
  Time since last request: 0.002487 seconds.
  path: Assets/HealthDisplayExample.cs
  artifactKey: Guid(cd074aa7596114c68a7c6cdae70fc7d4) Importer(815301076,1909f56bfc062723c751e8b465ee728b)
Start importing Assets/HealthDisplayExample.cs using Guid(cd074aa7596114c68a7c6cdae70fc7d4) Importer(815301076,1909f56bfc062723c751e8b465ee728b)  -> (artifact id: '45559082755de9dd4696c87b84799f6b') in 0.000986 seconds
  Import took 0.003631 seconds .

========================================================================
Received Prepare
Registering precompiled user dll's ...
Registered in 0.000341 seconds.
Begin MonoManager ReloadAssembly
Native extension for LinuxStandalone target not found
Native extension for WindowsStandalone target not found
Native extension for OSXStandalone target not found
Refreshing native plugins compatible for Editor in 0.22 ms, found 1 plugins.
Preloading 0 native plugins for Editor in 0.00 ms.
Invoked RoslynAnalysisRunner static constructor.
RoslynAnalysisRunner will not be running.
RoslynAnalysisRunner has terminated.
Mono: successfully reloaded assembly
- Completed reload, in  0.887 seconds
Platform modules already initialized, skipping
Refreshing native plugins compatible for Editor in 0.27 ms, found 1 plugins.
Preloading 0 native plugins for Editor in 0.00 ms.
Unloading 1144 Unused Serialized files (Serialized files now loaded: 0)
System memory in use before: 130.1 MB.
System memory in use after: 130.2 MB.

Unloading 5 unused Assets to reduce memory usage. Loaded Objects now: 1667.
Total: 1.459632 ms (FindLiveObjects: 0.161762 ms CreateObjectMapping: 0.034475 ms MarkObjects: 1.218577 ms  DeleteObjects: 0.043995 ms)

========================================================================
Received Import Request.
  Time since last request: 224.546220 seconds.
  path: Assets/HealthDisplayExample.cs
  artifactKey: Guid(cd074aa7596114c68a7c6cdae70fc7d4) Importer(815301076,1909f56bfc062723c751e8b465ee728b)
Start importing Assets/HealthDisplayExample.cs using Guid(cd074aa7596114c68a7c6cdae70fc7d4) Importer(815301076,1909f56bfc062723c751e8b465ee728b)  -> (artifact id: 'af4b459331ee18fb5b8c93ea5dd0ce20') in 0.003878 seconds
  Import took 0.005745 seconds .

========================================================================
Received Prepare
Registering precompiled user dll's ...
Registered in 0.000384 seconds.
Begin MonoManager ReloadAssembly
Native extension for LinuxStandalone target not found
Native extension for WindowsStandalone target not found
Native extension for OSXStandalone target not found
Refreshing native plugins compatible for Editor in 0.21 ms, found 1 plugins.
Preloading 0 native plugins for Editor in 0.00 ms.
Invoked RoslynAnalysisRunner static constructor.
RoslynAnalysisRunner will not be running.
RoslynAnalysisRunner has terminated.
Mono: successfully reloaded assembly
- Completed reload, in  1.005 seconds
Platform modules already initialized, skipping
Refreshing native plugins compatible for Editor in 0.29 ms, found 1 plugins.
Preloading 0 native plugins for Editor in 0.00 ms.
Unloading 1144 Unused Serialized files (Serialized files now loaded: 0)
System memory in use before: 130.3 MB.
System memory in use after: 130.4 MB.

Unloading 5 unused Assets to reduce memory usage. Loaded Objects now: 1670.
Total: 1.532716 ms (FindLiveObjects: 0.241980 ms CreateObjectMapping: 0.035934 ms MarkObjects: 1.208601 ms  DeleteObjects: 0.045438 ms)

========================================================================
Received Prepare
Registering precompiled user dll's ...
Registered in 0.000335 seconds.
Begin MonoManager ReloadAssembly
Native extension for LinuxStandalone target not found
Native extension for WindowsStandalone target not found
Native extension for OSXStandalone target not found
Refreshing native plugins compatible for Editor in 0.21 ms, found 1 plugins.
Preloading 0 native plugins for Editor in 0.00 ms.
Invoked RoslynAnalysisRunner static constructor.
RoslynAnalysisRunner will not be running.
RoslynAnalysisRunner has terminated.
Mono: successfully reloaded assembly
- Completed reload, in  0.971 seconds
Platform modules already initialized, skipping
Refreshing native plugins compatible for Editor in 0.21 ms, found 1 plugins.
Preloading 0 native plugins for Editor in 0.00 ms.
Unloading 1144 Unused Serialized files (Serialized files now loaded: 0)
System memory in use before: 130.4 MB.
System memory in use after: 130.5 MB.

Unloading 5 unused Assets to reduce memory usage. Loaded Objects now: 1673.
Total: 1.767116 ms (FindLiveObjects: 0.201545 ms CreateObjectMapping: 0.029786 ms MarkObjects: 1.447206 ms  DeleteObjects: 0.087546 ms)

========================================================================
Received Prepare
Registering precompiled user dll's ...
Registered in 0.000315 seconds.
Begin MonoManager ReloadAssembly
Native extension for LinuxStandalone target not found
Native extension for WindowsStandalone target not found
Native extension for OSXStandalone target not found
Refreshing native plugins compatible for Editor in 0.24 ms, found 1 plugins.
Preloading 0 native plugins for Editor in 0.00 ms.
Invoked RoslynAnalysisRunner static constructor.
RoslynAnalysisRunner will not be running.
RoslynAnalysisRunner has terminated.
Mono: successfully reloaded assembly
- Completed reload, in  1.036 seconds
Platform modules already initialized, skipping
Refreshing native plugins compatible for Editor in 0.23 ms, found 1 plugins.
Preloading 0 native plugins for Editor in 0.00 ms.
Unloading 1144 Unused Serialized files (Serialized files now loaded: 0)
System memory in use before: 130.6 MB.
System memory in use after: 130.7 MB.

Unloading 5 unused Assets to reduce memory usage. Loaded Objects now: 1676.
Total: 1.452358 ms (FindLiveObjects: 0.198647 ms CreateObjectMapping: 0.028462 ms MarkObjects: 1.181979 ms  DeleteObjects: 0.042478 ms)

========================================================================
Received Prepare
Registering precompiled user dll's ...
Registered in 0.000327 seconds.
Begin MonoManager ReloadAssembly
Native extension for LinuxStandalone target not found
Native extension for WindowsStandalone target not found
Native extension for OSXStandalone target not found
Refreshing native plugins compatible for Editor in 0.21 ms, found 1 plugins.
Preloading 0 native plugins for Editor in 0.00 ms.
Invoked RoslynAnalysisRunner static constructor.
RoslynAnalysisRunner will not be running.
RoslynAnalysisRunner has terminated.
Mono: successfully reloaded assembly
- Completed reload, in  0.884 seconds
Platform modules already initialized, skipping
Refreshing native plugins compatible for Editor in 0.38 ms, found 1 plugins.
Preloading 0 native plugins for Editor in 0.00 ms.
Unloading 1143 Unused Serialized files (Serialized files now loaded: 0)
System memory in use before: 130.8 MB.
System memory in use after: 130.8 MB.

Unloading 6 unused Assets to reduce memory usage. Loaded Objects now: 1678.
Total: 1.703826 ms (FindLiveObjects: 0.179451 ms CreateObjectMapping: 0.035580 ms MarkObjects: 1.435911 ms  DeleteObjects: 0.051786 ms)

========================================================================
Received Prepare
Registering precompiled user dll's ...
Registered in 0.000438 seconds.
Begin MonoManager ReloadAssembly
Native extension for LinuxStandalone target not found
Native extension for WindowsStandalone target not found
Native extension for OSXStandalone target not found
Refreshing native plugins compatible for Editor in 0.22 ms, found 1 plugins.
Preloading 0 native plugins for Editor in 0.00 ms.
Invoked RoslynAnalysisRunner static constructor.
RoslynAnalysisRunner will not be running.
RoslynAnalysisRunner has terminated.
Mono: successfully reloaded assembly
- Completed reload, in  0.898 seconds
Platform modules already initialized, skipping
Refreshing native plugins compatible for Editor in 0.41 ms, found 1 plugins.
Preloading 0 native plugins for Editor in 0.00 ms.
Unloading 1143 Unused Serialized files (Serialized files now loaded: 0)
System memory in use before: 130.9 MB.
System memory in use after: 131.0 MB.

Unloading 5 unused Assets to reduce memory usage. Loaded Objects now: 1681.
Total: 2.103338 ms (FindLiveObjects: 0.234116 ms CreateObjectMapping: 0.059530 ms MarkObjects: 1.743748 ms  DeleteObjects: 0.063711 ms)

